<?xml version="1.0" encoding="UTF-8"?>
<!-- Generated by org.testng.reporters.JUnitReportReporter -->
<testsuite skipped="0" hostname="LAPTOP-SJRN4F9M" name="com.TestCases.TC001_LoginFlipkart" tests="1" failures="0" timestamp="31 Jul 2021 08:10:35 GMT" time="2.194" errors="0">
  <testcase name="LoginApp" time="2.194" classname="com.TestCases.TC001_LoginFlipkart"/>
</testsuite> <!-- com.TestCases.TC001_LoginFlipkart -->
