<?xml version="1.0" encoding="UTF-8"?>
<!-- Generated by org.testng.reporters.JUnitReportReporter -->
<testsuite skipped="0" hostname="LAPTOP-SJRN4F9M" name="com.TestCases.LoginFlipkart" tests="1" failures="0" timestamp="31 Jul 2021 06:53:07 GMT" time="0.800" errors="0">
  <testcase name="RunTest" time="0.800" classname="com.TestCases.LoginFlipkart"/>
</testsuite> <!-- com.TestCases.LoginFlipkart -->
