<?xml version="1.0" encoding="UTF-8"?>
<!-- Generated by org.testng.reporters.JUnitReportReporter -->
<testsuite hostname="LAPTOP-SJRN4F9M" failures="0" tests="1" name="com.TestCases.TC001_LoginFlipkart" time="2.433" errors="0" timestamp="23 Aug 2021 06:34:05 GMT" skipped="0">
  <testcase classname="com.TestCases.TC001_LoginFlipkart" name="LoginApp" time="2.433"/>
</testsuite> <!-- com.TestCases.TC001_LoginFlipkart -->
