<?xml version="1.0" encoding="UTF-8"?>
<!-- Generated by org.testng.reporters.JUnitReportReporter -->
<testsuite skipped="0" hostname="LAPTOP-SJRN4F9M" name="com.TestCases.TestCase001" tests="1" failures="0" timestamp="31 Jul 2021 05:31:11 GMT" time="0.025" errors="0">
  <testcase name="RunTest" time="0.025" classname="com.TestCases.TestCase001"/>
</testsuite> <!-- com.TestCases.TestCase001 -->
