<?xml version="1.0" encoding="UTF-8"?>
<!-- Generated by org.testng.reporters.JUnitReportReporter -->
<testsuite hostname="LAPTOP-SJRN4F9M" failures="0" tests="1" name="com.TestCases.TC001_LoginFlipkart" time="2.073" errors="0" timestamp="31 Jul 2021 09:43:31 GMT" skipped="0">
  <testcase classname="com.TestCases.TC001_LoginFlipkart" name="LoginApp" time="2.073"/>
</testsuite> <!-- com.TestCases.TC001_LoginFlipkart -->
